Running 180m test @ http://127.0.0.1:3000/
  3 threads and 500 connections
  Thread calibration: mean lat.: 0.946ms, rate sampling interval: 10ms
  Thread calibration: mean lat.: 0.960ms, rate sampling interval: 10ms
  Thread calibration: mean lat.: 0.961ms, rate sampling interval: 10ms
  Thread Stats   Avg      Stdev     Max   +/- Stdev
    Latency     0.97ms  423.31us   8.50ms   67.01%
    Req/Sec   172.12     90.33   555.00     74.57%
  Latency Distribution (HdrHistogram - Recorded Latency)
 50.000%    1.00ms
 75.000%    1.27ms
 90.000%    1.47ms
 99.000%    2.01ms
 99.900%    2.22ms
 99.990%    4.20ms
 99.999%    5.16ms
100.000%    8.51ms

  Detailed Percentile spectrum:
       Value   Percentile   TotalCount 1/(1-Percentile)

       0.141     0.000000            2         1.00
       0.381     0.100000       540407         1.11
       0.562     0.200000      1081328         1.25
       0.726     0.300000      1619974         1.43
       0.873     0.400000      2161134         1.67
       1.001     0.500000      2701319         2.00
       1.056     0.550000      2968378         2.22
       1.109     0.600000      3237389         2.50
       1.162     0.650000      3509933         2.86
       1.216     0.700000      3778137         3.33
       1.270     0.750000      4047524         4.00
       1.297     0.775000      4180933         4.44
       1.325     0.800000      4317460         5.00
       1.353     0.825000      4451990         5.71
       1.382     0.850000      4586300         6.67
       1.415     0.875000      4721171         8.00
       1.438     0.887500      4789966         8.89
       1.466     0.900000      4855235        10.00
       1.504     0.912500      4923038        11.43
       1.552     0.925000      4990633        13.33
       1.607     0.937500      5057521        16.00
       1.638     0.943750      5091794        17.78
       1.670     0.950000      5124847        20.00
       1.706     0.956250      5158563        22.86
       1.747     0.962500      5192423        26.67
       1.792     0.968750      5226090        32.00
       1.816     0.971875      5243060        35.56
       1.841     0.975000      5260162        40.00
       1.868     0.978125      5277000        45.71
       1.898     0.981250      5293650        53.33
       1.933     0.984375      5310568        64.00
       1.951     0.985938      5318898        71.11
       1.971     0.987500      5327214        80.00
       1.993     0.989062      5335801        91.43
       2.014     0.990625      5343993       106.67
       2.037     0.992188      5352592       128.00
       2.051     0.992969      5357166       142.22
       2.065     0.993750      5361365       160.00
       2.079     0.994531      5365359       182.86
       2.093     0.995313      5369325       213.33
       2.111     0.996094      5373740       256.00
       2.121     0.996484      5375888       284.44
       2.131     0.996875      5377866       320.00
       2.143     0.997266      5380075       365.71
       2.155     0.997656      5382086       426.67
       2.169     0.998047      5384201       512.00
       2.177     0.998242      5385256       568.89
       2.185     0.998437      5386235       640.00
       2.195     0.998633      5387293       731.43
       2.207     0.998828      5388384       853.33
       2.219     0.999023      5389347      1024.00
       2.227     0.999121      5389924      1137.78
       2.235     0.999219      5390386      1280.00
       2.247     0.999316      5390956      1462.86
       2.259     0.999414      5391435      1706.67
       2.273     0.999512      5391940      2048.00
       2.283     0.999561      5392214      2275.56
       2.295     0.999609      5392466      2560.00
       2.309     0.999658      5392732      2925.71
       2.329     0.999707      5392991      3413.33
       2.363     0.999756      5393244      4096.00
       2.393     0.999780      5393374      4551.11
       2.449     0.999805      5393505      5120.00
       3.319     0.999829      5393637      5851.43
       3.749     0.999854      5393769      6826.67
       4.021     0.999878      5393900      8192.00
       4.115     0.999890      5393966      9102.22
       4.215     0.999902      5394034     10240.00
       4.299     0.999915      5394098     11702.86
       4.395     0.999927      5394163     13653.33
       4.499     0.999939      5394230     16384.00
       4.551     0.999945      5394263     18204.44
       4.579     0.999951      5394297     20480.00
       4.627     0.999957      5394328     23405.71
       4.695     0.999963      5394363     27306.67
       4.747     0.999969      5394394     32768.00
       4.771     0.999973      5394411     36408.89
       4.811     0.999976      5394427     40960.00
       4.867     0.999979      5394444     46811.43
       4.915     0.999982      5394461     54613.33
       4.995     0.999985      5394476     65536.00
       5.039     0.999986      5394484     72817.78
       5.087     0.999988      5394494     81920.00
       5.119     0.999989      5394501     93622.86
       5.227     0.999991      5394509    109226.67
       5.275     0.999992      5394518    131072.00
       5.299     0.999993      5394521    145635.56
       5.387     0.999994      5394526    163840.00
       5.491     0.999995      5394530    187245.71
       5.611     0.999995      5394534    218453.33
       5.915     0.999996      5394538    262144.00
       6.015     0.999997      5394540    291271.11
       6.279     0.999997      5394542    327680.00
       6.735     0.999997      5394544    374491.43
       7.019     0.999998      5394546    436906.67
       7.315     0.999998      5394548    524288.00
       7.347     0.999998      5394549    582542.22
       7.359     0.999998      5394550    655360.00
       7.455     0.999999      5394551    748982.86
       7.895     0.999999      5394552    873813.33
       7.907     0.999999      5394553   1048576.00
       8.011     0.999999      5394554   1165084.44
       8.011     0.999999      5394554   1310720.00
       8.091     0.999999      5394555   1497965.71
       8.091     0.999999      5394555   1747626.67
       8.131     1.000000      5394556   2097152.00
       8.131     1.000000      5394556   2330168.89
       8.131     1.000000      5394556   2621440.00
       8.431     1.000000      5394557   2995931.43
       8.431     1.000000      5394557   3495253.33
       8.431     1.000000      5394557   4194304.00
       8.431     1.000000      5394557   4660337.78
       8.431     1.000000      5394557   5242880.00
       8.511     1.000000      5394558   5991862.86
       8.511     1.000000      5394558          inf
#[Mean    =        0.973, StdDeviation   =        0.423]
#[Max     =        8.504, Total count    =      5394558]
#[Buckets =           27, SubBuckets     =         2048]
----------------------------------------------------------
  5400039 requests in 180.00m, 587.09MB read
Requests/sec:    500.00
Transfer/sec:     55.66KB
