Running 180m test @ http://127.0.0.1:3000/
  3 threads and 500 connections
  Thread calibration: mean lat.: 0.956ms, rate sampling interval: 10ms
  Thread calibration: mean lat.: 0.936ms, rate sampling interval: 10ms
  Thread calibration: mean lat.: 0.934ms, rate sampling interval: 10ms
  Thread Stats   Avg      Stdev     Max   +/- Stdev
    Latency     0.97ms  425.80us  19.26ms   66.28%
    Req/Sec   171.90     89.93   666.00     74.68%
  Latency Distribution (HdrHistogram - Recorded Latency)
 50.000%    1.01ms
 75.000%    1.28ms
 90.000%    1.44ms
 99.000%    2.00ms
 99.900%    2.23ms
 99.990%    2.39ms
 99.999%    9.26ms
100.000%   19.28ms

  Detailed Percentile spectrum:
       Value   Percentile   TotalCount 1/(1-Percentile)

       0.146     0.000000            5         1.00
       0.362     0.100000       540751         1.11
       0.537     0.200000      1080538         1.25
       0.713     0.300000      1619010         1.43
       0.872     0.400000      2160040         1.67
       1.010     0.500000      2698447         2.00
       1.070     0.550000      2968342         2.22
       1.125     0.600000      3239829         2.50
       1.176     0.650000      3510209         2.86
       1.226     0.700000      3776648         3.33
       1.277     0.750000      4048869         4.00
       1.302     0.775000      4182207         4.44
       1.327     0.800000      4317393         5.00
       1.353     0.825000      4455250         5.71
       1.378     0.850000      4586186         6.67
       1.405     0.875000      4720588         8.00
       1.422     0.887500      4788281         8.89
       1.444     0.900000      4855434        10.00
       1.473     0.912500      4923778        11.43
       1.514     0.925000      4990395        13.33
       1.570     0.937500      5057732        16.00
       1.602     0.943750      5091856        17.78
       1.637     0.950000      5124981        20.00
       1.677     0.956250      5158784        22.86
       1.721     0.962500      5192383        26.67
       1.768     0.968750      5226003        32.00
       1.795     0.971875      5243231        35.56
       1.823     0.975000      5259760        40.00
       1.854     0.978125      5276726        45.71
       1.887     0.981250      5293456        53.33
       1.922     0.984375      5310459        64.00
       1.941     0.985938      5319057        71.11
       1.961     0.987500      5327201        80.00
       1.984     0.989062      5335907        91.43
       2.007     0.990625      5344086       106.67
       2.033     0.992188      5352435       128.00
       2.047     0.992969      5356662       142.22
       2.063     0.993750      5361047       160.00
       2.081     0.994531      5365498       182.86
       2.097     0.995313      5369348       213.33
       2.117     0.996094      5373664       256.00
       2.127     0.996484      5375617       284.44
       2.139     0.996875      5377868       320.00
       2.151     0.997266      5380024       365.71
       2.165     0.997656      5382178       426.67
       2.179     0.998047      5384125       512.00
       2.187     0.998242      5385137       568.89
       2.197     0.998437      5386330       640.00
       2.205     0.998633      5387225       731.43
       2.217     0.998828      5388416       853.33
       2.229     0.999023      5389450      1024.00
       2.235     0.999121      5389916      1137.78
       2.243     0.999219      5390456      1280.00
       2.251     0.999316      5390968      1462.86
       2.259     0.999414      5391412      1706.67
       2.271     0.999512      5392012      2048.00
       2.277     0.999561      5392267      2275.56
       2.283     0.999609      5392517      2560.00
       2.291     0.999658      5392763      2925.71
       2.299     0.999707      5393011      3413.33
       2.309     0.999756      5393267      4096.00
       2.317     0.999780      5393403      4551.11
       2.325     0.999805      5393534      5120.00
       2.333     0.999829      5393638      5851.43
       2.347     0.999854      5393769      6826.67
       2.365     0.999878      5393910      8192.00
       2.375     0.999890      5393966      9102.22
       2.391     0.999902      5394037     10240.00
       2.407     0.999915      5394101     11702.86
       2.431     0.999927      5394165     13653.33
       2.473     0.999939      5394233     16384.00
       2.517     0.999945      5394262     18204.44
       2.629     0.999951      5394295     20480.00
       3.097     0.999957      5394328     23405.71
       3.707     0.999963      5394361     27306.67
       4.155     0.999969      5394394     32768.00
       4.323     0.999973      5394410     36408.89
       4.515     0.999976      5394427     40960.00
       4.951     0.999979      5394444     46811.43
       5.351     0.999982      5394460     54613.33
       6.075     0.999985      5394476     65536.00
       6.707     0.999986      5394484     72817.78
       8.051     0.999988      5394493     81920.00
       8.631     0.999989      5394501     93622.86
       9.591     0.999991      5394509    109226.67
      10.399     0.999992      5394517    131072.00
      11.711     0.999993      5394521    145635.56
      12.295     0.999994      5394526    163840.00
      12.719     0.999995      5394530    187245.71
      13.239     0.999995      5394534    218453.33
      13.671     0.999996      5394538    262144.00
      13.855     0.999997      5394540    291271.11
      14.343     0.999997      5394542    327680.00
      14.631     0.999997      5394544    374491.43
      14.823     0.999998      5394546    436906.67
      15.223     0.999998      5394548    524288.00
      15.263     0.999998      5394549    582542.22
      15.407     0.999998      5394550    655360.00
      16.183     0.999999      5394551    748982.86
      16.279     0.999999      5394552    873813.33
      16.375     0.999999      5394554   1048576.00
      16.375     0.999999      5394554   1165084.44
      16.375     0.999999      5394554   1310720.00
      16.719     0.999999      5394555   1497965.71
      16.719     0.999999      5394555   1747626.67
      17.407     1.000000      5394556   2097152.00
      17.407     1.000000      5394556   2330168.89
      17.407     1.000000      5394556   2621440.00
      18.575     1.000000      5394557   2995931.43
      18.575     1.000000      5394557   3495253.33
      18.575     1.000000      5394557   4194304.00
      18.575     1.000000      5394557   4660337.78
      18.575     1.000000      5394557   5242880.00
      19.279     1.000000      5394558   5991862.86
      19.279     1.000000      5394558          inf
#[Mean    =        0.968, StdDeviation   =        0.426]
#[Max     =       19.264, Total count    =      5394558]
#[Buckets =           27, SubBuckets     =         2048]
----------------------------------------------------------
  5400039 requests in 180.00m, 659.18MB read
Requests/sec:    500.00
Transfer/sec:     62.50KB
