Running 180m test @ http://127.0.0.1:3000/
  3 threads and 500 connections
  Thread calibration: mean lat.: 0.915ms, rate sampling interval: 10ms
  Thread calibration: mean lat.: 0.932ms, rate sampling interval: 10ms
  Thread calibration: mean lat.: 0.912ms, rate sampling interval: 10ms
  Thread Stats   Avg      Stdev     Max   +/- Stdev
    Latency     0.96ms  423.38us   9.87ms   67.24%
    Req/Sec   172.39     93.57   666.00     74.61%
  Latency Distribution (HdrHistogram - Recorded Latency)
 50.000%    1.00ms
 75.000%    1.26ms
 90.000%    1.43ms
 99.000%    1.99ms
 99.900%    2.20ms
 99.990%    2.35ms
 99.999%    4.10ms
100.000%    9.88ms

  Detailed Percentile spectrum:
       Value   Percentile   TotalCount 1/(1-Percentile)

       0.139     0.000000            3         1.00
       0.347     0.100000       539466         1.11
       0.541     0.200000      1079589         1.25
       0.717     0.300000      1619792         1.43
       0.868     0.400000      2161386         1.67
       0.997     0.500000      2698918         2.00
       1.053     0.550000      2970415         2.22
       1.105     0.600000      3236843         2.50
       1.156     0.650000      3507496         2.86
       1.206     0.700000      3777451         3.33
       1.256     0.750000      4049483         4.00
       1.281     0.775000      4182124         4.44
       1.308     0.800000      4320707         5.00
       1.334     0.825000      4452602         5.71
       1.361     0.850000      4587108         6.67
       1.391     0.875000      4721456         8.00
       1.411     0.887500      4790736         8.89
       1.435     0.900000      4856310        10.00
       1.468     0.912500      4922920        11.43
       1.514     0.925000      4990991        13.33
       1.572     0.937500      5058247        16.00
       1.605     0.943750      5091748        17.78
       1.640     0.950000      5124891        20.00
       1.679     0.956250      5158553        22.86
       1.725     0.962500      5192508        26.67
       1.776     0.968750      5226230        32.00
       1.803     0.971875      5243137        35.56
       1.831     0.975000      5259979        40.00
       1.861     0.978125      5276955        45.71
       1.892     0.981250      5293687        53.33
       1.926     0.984375      5310647        64.00
       1.943     0.985938      5319105        71.11
       1.961     0.987500      5327565        80.00
       1.979     0.989062      5335646        91.43
       2.001     0.990625      5344288       106.67
       2.025     0.992188      5352709       128.00
       2.038     0.992969      5356705       142.22
       2.053     0.993750      5361231       160.00
       2.067     0.994531      5365067       182.86
       2.085     0.995313      5369565       213.33
       2.103     0.996094      5373640       256.00
       2.113     0.996484      5375817       284.44
       2.123     0.996875      5377836       320.00
       2.135     0.997266      5380125       365.71
       2.145     0.997656      5381921       426.67
       2.159     0.998047      5384040       512.00
       2.167     0.998242      5385169       568.89
       2.175     0.998437      5386363       640.00
       2.183     0.998633      5387434       731.43
       2.191     0.998828      5388342       853.33
       2.201     0.999023      5389437      1024.00
       2.205     0.999121      5389823      1137.78
       2.213     0.999219      5390426      1280.00
       2.221     0.999316      5390963      1462.86
       2.229     0.999414      5391415      1706.67
       2.241     0.999512      5392010      2048.00
       2.247     0.999561      5392260      2275.56
       2.253     0.999609      5392474      2560.00
       2.261     0.999658      5392778      2925.71
       2.269     0.999707      5393001      3413.33
       2.279     0.999756      5393252      4096.00
       2.287     0.999780      5393397      4551.11
       2.293     0.999805      5393510      5120.00
       2.303     0.999829      5393645      5851.43
       2.315     0.999854      5393779      6826.67
       2.329     0.999878      5393916      8192.00
       2.337     0.999890      5393975      9102.22
       2.347     0.999902      5394038     10240.00
       2.359     0.999915      5394103     11702.86
       2.373     0.999927      5394173     13653.33
       2.391     0.999939      5394233     16384.00
       2.405     0.999945      5394268     18204.44
       2.421     0.999951      5394298     20480.00
       2.443     0.999957      5394329     23405.71
       2.481     0.999963      5394362     27306.67
       2.763     0.999969      5394395     32768.00
       2.963     0.999973      5394411     36408.89
       3.275     0.999976      5394428     40960.00
       3.437     0.999979      5394444     46811.43
       3.731     0.999982      5394461     54613.33
       3.847     0.999985      5394477     65536.00
       3.907     0.999986      5394485     72817.78
       3.943     0.999988      5394494     81920.00
       4.077     0.999989      5394502     93622.86
       4.139     0.999991      5394510    109226.67
       4.239     0.999992      5394518    131072.00
       4.255     0.999993      5394522    145635.56
       4.351     0.999994      5394529    163840.00
       4.415     0.999995      5394531    187245.71
       4.459     0.999995      5394536    218453.33
       4.503     0.999996      5394539    262144.00
       4.599     0.999997      5394541    291271.11
       4.699     0.999997      5394543    327680.00
       4.791     0.999997      5394545    374491.43
       4.939     0.999998      5394547    436906.67
       4.999     0.999998      5394549    524288.00
       5.071     0.999998      5394550    582542.22
       5.103     0.999998      5394551    655360.00
       5.115     0.999999      5394553    748982.86
       5.115     0.999999      5394553    873813.33
       5.127     0.999999      5394554   1048576.00
       5.195     0.999999      5394555   1165084.44
       5.195     0.999999      5394555   1310720.00
       5.443     0.999999      5394556   1497965.71
       5.443     0.999999      5394556   1747626.67
       5.587     1.000000      5394557   2097152.00
       5.587     1.000000      5394557   2330168.89
       5.587     1.000000      5394557   2621440.00
       9.703     1.000000      5394558   2995931.43
       9.703     1.000000      5394558   3495253.33
       9.703     1.000000      5394558   4194304.00
       9.703     1.000000      5394558   4660337.78
       9.703     1.000000      5394558   5242880.00
       9.879     1.000000      5394559   5991862.86
       9.879     1.000000      5394559          inf
#[Mean    =        0.957, StdDeviation   =        0.423]
#[Max     =        9.872, Total count    =      5394559]
#[Buckets =           27, SubBuckets     =         2048]
----------------------------------------------------------
  5400040 requests in 180.00m, 520.14MB read
Requests/sec:    500.00
Transfer/sec:     49.32KB
